Build output check failed:
    Regex: 'command[- ]line option .* is valid for .* but not for C'
    Output line: 'cc1: warning: command-line option ‘-Wnon-virtual-dtor’ is valid for C++/ObjC++ but not for C'
Compilation failed:
    source file: '/home/r2d2/Desktop/opencvTest/build/CMakeFiles/CMakeTmp/src.c'
    check option: ' -fsigned-char -W -Wall -Wreturn-type  -Wnon-virtual-dtor'
===== BUILD LOG =====
Change Dir: /home/r2d2/Desktop/opencvTest/build/CMakeFiles/CMakeTmp

Run Build Command(s):/usr/bin/gmake cmTC_a3f3d/fast && /usr/bin/gmake  -f CMakeFiles/cmTC_a3f3d.dir/build.make CMakeFiles/cmTC_a3f3d.dir/build
gmake[1]: Entering directory '/home/r2d2/Desktop/opencvTest/build/CMakeFiles/CMakeTmp'
Building C object CMakeFiles/cmTC_a3f3d.dir/src.c.o
/usr/bin/cc   -O3 -DNDEBUG -fPIE    -fsigned-char -W -Wall -Wreturn-type  -Wnon-virtual-dtor -o CMakeFiles/cmTC_a3f3d.dir/src.c.o -c /home/r2d2/Desktop/opencvTest/build/CMakeFiles/CMakeTmp/src.c
cc1: warning: command-line option ‘-Wnon-virtual-dtor’ is valid for C++/ObjC++ but not for C
/home/r2d2/Desktop/opencvTest/build/CMakeFiles/CMakeTmp/src.c:1: warning: ignoring ‘#pragma  ’ [-Wunknown-pragmas]
    1 | #pragma
      | 
Linking C executable cmTC_a3f3d
/usr/bin/cmake -E cmake_link_script CMakeFiles/cmTC_a3f3d.dir/link.txt --verbose=1
/usr/bin/cc -O3 -DNDEBUG CMakeFiles/cmTC_a3f3d.dir/src.c.o -o cmTC_a3f3d 
gmake[1]: Leaving directory '/home/r2d2/Desktop/opencvTest/build/CMakeFiles/CMakeTmp'


===== END =====

Build output check failed:
    Regex: 'command[- ]line option .* is valid for .* but not for C\+\+'
    Output line: 'cc1plus: warning: command-line option ‘-Wmissing-prototypes’ is valid for C/ObjC but not for C++'
Compilation failed:
    source file: '/home/r2d2/Desktop/opencvTest/build/CMakeFiles/CMakeTmp/src.cxx'
    check option: ' -fsigned-char -W -Wall -Wreturn-type -Wnon-virtual-dtor -Waddress -Wsequence-point -Wformat -Wformat-security -Wmissing-declarations  -Wmissing-prototypes'
===== BUILD LOG =====
Change Dir: /home/r2d2/Desktop/opencvTest/build/CMakeFiles/CMakeTmp

Run Build Command(s):/usr/bin/gmake cmTC_f4b6c/fast && /usr/bin/gmake  -f CMakeFiles/cmTC_f4b6c.dir/build.make CMakeFiles/cmTC_f4b6c.dir/build
gmake[1]: Entering directory '/home/r2d2/Desktop/opencvTest/build/CMakeFiles/CMakeTmp'
Building CXX object CMakeFiles/cmTC_f4b6c.dir/src.cxx.o
/usr/bin/c++   -O3 -DNDEBUG -fPIE    -fsigned-char -W -Wall -Wreturn-type -Wnon-virtual-dtor -Waddress -Wsequence-point -Wformat -Wformat-security -Wmissing-declarations  -Wmissing-prototypes -std=c++11 -o CMakeFiles/cmTC_f4b6c.dir/src.cxx.o -c /home/r2d2/Desktop/opencvTest/build/CMakeFiles/CMakeTmp/src.cxx
cc1plus: warning: command-line option ‘-Wmissing-prototypes’ is valid for C/ObjC but not for C++
/home/r2d2/Desktop/opencvTest/build/CMakeFiles/CMakeTmp/src.cxx:1: warning: ignoring ‘#pragma  ’ [-Wunknown-pragmas]
    1 | #pragma
      | 
Linking CXX executable cmTC_f4b6c
/usr/bin/cmake -E cmake_link_script CMakeFiles/cmTC_f4b6c.dir/link.txt --verbose=1
/usr/bin/c++ -O3 -DNDEBUG CMakeFiles/cmTC_f4b6c.dir/src.cxx.o -o cmTC_f4b6c 
gmake[1]: Leaving directory '/home/r2d2/Desktop/opencvTest/build/CMakeFiles/CMakeTmp'


===== END =====

Build output check failed:
    Regex: 'command[- ]line option .* is valid for .* but not for C\+\+'
    Output line: 'cc1plus: warning: command-line option ‘-Wstrict-prototypes’ is valid for C/ObjC but not for C++'
Compilation failed:
    source file: '/home/r2d2/Desktop/opencvTest/build/CMakeFiles/CMakeTmp/src.cxx'
    check option: ' -fsigned-char -W -Wall -Wreturn-type -Wnon-virtual-dtor -Waddress -Wsequence-point -Wformat -Wformat-security -Wmissing-declarations  -Wstrict-prototypes'
===== BUILD LOG =====
Change Dir: /home/r2d2/Desktop/opencvTest/build/CMakeFiles/CMakeTmp

Run Build Command(s):/usr/bin/gmake cmTC_05a22/fast && /usr/bin/gmake  -f CMakeFiles/cmTC_05a22.dir/build.make CMakeFiles/cmTC_05a22.dir/build
gmake[1]: Entering directory '/home/r2d2/Desktop/opencvTest/build/CMakeFiles/CMakeTmp'
Building CXX object CMakeFiles/cmTC_05a22.dir/src.cxx.o
/usr/bin/c++   -O3 -DNDEBUG -fPIE    -fsigned-char -W -Wall -Wreturn-type -Wnon-virtual-dtor -Waddress -Wsequence-point -Wformat -Wformat-security -Wmissing-declarations  -Wstrict-prototypes -std=c++11 -o CMakeFiles/cmTC_05a22.dir/src.cxx.o -c /home/r2d2/Desktop/opencvTest/build/CMakeFiles/CMakeTmp/src.cxx
cc1plus: warning: command-line option ‘-Wstrict-prototypes’ is valid for C/ObjC but not for C++
/home/r2d2/Desktop/opencvTest/build/CMakeFiles/CMakeTmp/src.cxx:1: warning: ignoring ‘#pragma  ’ [-Wunknown-pragmas]
    1 | #pragma
      | 
Linking CXX executable cmTC_05a22
/usr/bin/cmake -E cmake_link_script CMakeFiles/cmTC_05a22.dir/link.txt --verbose=1
/usr/bin/c++ -O3 -DNDEBUG CMakeFiles/cmTC_05a22.dir/src.cxx.o -o cmTC_05a22 
gmake[1]: Leaving directory '/home/r2d2/Desktop/opencvTest/build/CMakeFiles/CMakeTmp'


===== END =====

Build output check failed:
    Regex: 'command[- ]line option .* is valid for .* but not for C'
    Output line: 'cc1: warning: command-line option ‘-Wsign-promo’ is valid for C++/ObjC++ but not for C'
Compilation failed:
    source file: '/home/r2d2/Desktop/opencvTest/build/CMakeFiles/CMakeTmp/src.c'
    check option: ' -fsigned-char -W -Wall -Wreturn-type -Waddress -Wsequence-point -Wformat -Wformat-security -Wmissing-declarations -Wmissing-prototypes -Wstrict-prototypes -Wundef -Winit-self -Wpointer-arith -Wshadow  -Wsign-promo'
===== BUILD LOG =====
Change Dir: /home/r2d2/Desktop/opencvTest/build/CMakeFiles/CMakeTmp

Run Build Command(s):/usr/bin/gmake cmTC_7976f/fast && /usr/bin/gmake  -f CMakeFiles/cmTC_7976f.dir/build.make CMakeFiles/cmTC_7976f.dir/build
gmake[1]: Entering directory '/home/r2d2/Desktop/opencvTest/build/CMakeFiles/CMakeTmp'
Building C object CMakeFiles/cmTC_7976f.dir/src.c.o
/usr/bin/cc   -O3 -DNDEBUG -fPIE    -fsigned-char -W -Wall -Wreturn-type -Waddress -Wsequence-point -Wformat -Wformat-security -Wmissing-declarations -Wmissing-prototypes -Wstrict-prototypes -Wundef -Winit-self -Wpointer-arith -Wshadow  -Wsign-promo -o CMakeFiles/cmTC_7976f.dir/src.c.o -c /home/r2d2/Desktop/opencvTest/build/CMakeFiles/CMakeTmp/src.c
cc1: warning: command-line option ‘-Wsign-promo’ is valid for C++/ObjC++ but not for C
/home/r2d2/Desktop/opencvTest/build/CMakeFiles/CMakeTmp/src.c:1: warning: ignoring ‘#pragma  ’ [-Wunknown-pragmas]
    1 | #pragma
      | 
Linking C executable cmTC_7976f
/usr/bin/cmake -E cmake_link_script CMakeFiles/cmTC_7976f.dir/link.txt --verbose=1
/usr/bin/cc -O3 -DNDEBUG CMakeFiles/cmTC_7976f.dir/src.c.o -o cmTC_7976f 
gmake[1]: Leaving directory '/home/r2d2/Desktop/opencvTest/build/CMakeFiles/CMakeTmp'


===== END =====

Build output check failed:
    Regex: 'command[- ]line option .* is valid for .* but not for C'
    Output line: 'cc1: warning: command-line option ‘-Wsuggest-override’ is valid for C++/ObjC++ but not for C'
Compilation failed:
    source file: '/home/r2d2/Desktop/opencvTest/build/CMakeFiles/CMakeTmp/src.c'
    check option: ' -fsigned-char -W -Wall -Wreturn-type -Waddress -Wsequence-point -Wformat -Wformat-security -Wmissing-declarations -Wmissing-prototypes -Wstrict-prototypes -Wundef -Winit-self -Wpointer-arith -Wshadow -Wuninitialized  -Wsuggest-override'
===== BUILD LOG =====
Change Dir: /home/r2d2/Desktop/opencvTest/build/CMakeFiles/CMakeTmp

Run Build Command(s):/usr/bin/gmake cmTC_d3777/fast && /usr/bin/gmake  -f CMakeFiles/cmTC_d3777.dir/build.make CMakeFiles/cmTC_d3777.dir/build
gmake[1]: Entering directory '/home/r2d2/Desktop/opencvTest/build/CMakeFiles/CMakeTmp'
Building C object CMakeFiles/cmTC_d3777.dir/src.c.o
/usr/bin/cc   -O3 -DNDEBUG -fPIE    -fsigned-char -W -Wall -Wreturn-type -Waddress -Wsequence-point -Wformat -Wformat-security -Wmissing-declarations -Wmissing-prototypes -Wstrict-prototypes -Wundef -Winit-self -Wpointer-arith -Wshadow -Wuninitialized  -Wsuggest-override -o CMakeFiles/cmTC_d3777.dir/src.c.o -c /home/r2d2/Desktop/opencvTest/build/CMakeFiles/CMakeTmp/src.c
cc1: warning: command-line option ‘-Wsuggest-override’ is valid for C++/ObjC++ but not for C
/home/r2d2/Desktop/opencvTest/build/CMakeFiles/CMakeTmp/src.c:1: warning: ignoring ‘#pragma  ’ [-Wunknown-pragmas]
    1 | #pragma
      | 
Linking C executable cmTC_d3777
/usr/bin/cmake -E cmake_link_script CMakeFiles/cmTC_d3777.dir/link.txt --verbose=1
/usr/bin/cc -O3 -DNDEBUG CMakeFiles/cmTC_d3777.dir/src.c.o -o cmTC_d3777 
gmake[1]: Leaving directory '/home/r2d2/Desktop/opencvTest/build/CMakeFiles/CMakeTmp'


===== END =====

Build output check failed:
    Regex: 'command[- ]line option .* is valid for .* but not for C'
    Output line: 'cc1: warning: command-line option ‘-Wno-delete-non-virtual-dtor’ is valid for C++/ObjC++ but not for C'
Compilation failed:
    source file: '/home/r2d2/Desktop/opencvTest/build/CMakeFiles/CMakeTmp/src.c'
    check option: ' -fsigned-char -W -Wall -Wreturn-type -Waddress -Wsequence-point -Wformat -Wformat-security -Wmissing-declarations -Wmissing-prototypes -Wstrict-prototypes -Wundef -Winit-self -Wpointer-arith -Wshadow -Wuninitialized  -Wno-delete-non-virtual-dtor'
===== BUILD LOG =====
Change Dir: /home/r2d2/Desktop/opencvTest/build/CMakeFiles/CMakeTmp

Run Build Command(s):/usr/bin/gmake cmTC_8d491/fast && /usr/bin/gmake  -f CMakeFiles/cmTC_8d491.dir/build.make CMakeFiles/cmTC_8d491.dir/build
gmake[1]: Entering directory '/home/r2d2/Desktop/opencvTest/build/CMakeFiles/CMakeTmp'
Building C object CMakeFiles/cmTC_8d491.dir/src.c.o
/usr/bin/cc   -O3 -DNDEBUG -fPIE    -fsigned-char -W -Wall -Wreturn-type -Waddress -Wsequence-point -Wformat -Wformat-security -Wmissing-declarations -Wmissing-prototypes -Wstrict-prototypes -Wundef -Winit-self -Wpointer-arith -Wshadow -Wuninitialized  -Wno-delete-non-virtual-dtor -o CMakeFiles/cmTC_8d491.dir/src.c.o -c /home/r2d2/Desktop/opencvTest/build/CMakeFiles/CMakeTmp/src.c
cc1: warning: command-line option ‘-Wno-delete-non-virtual-dtor’ is valid for C++/ObjC++ but not for C
/home/r2d2/Desktop/opencvTest/build/CMakeFiles/CMakeTmp/src.c:1: warning: ignoring ‘#pragma  ’ [-Wunknown-pragmas]
    1 | #pragma
      | 
Linking C executable cmTC_8d491
/usr/bin/cmake -E cmake_link_script CMakeFiles/cmTC_8d491.dir/link.txt --verbose=1
/usr/bin/cc -O3 -DNDEBUG CMakeFiles/cmTC_8d491.dir/src.c.o -o cmTC_8d491 
gmake[1]: Leaving directory '/home/r2d2/Desktop/opencvTest/build/CMakeFiles/CMakeTmp'


===== END =====

Build output check failed:
    Regex: 'unrecognized .*option'
    Output line: 'cc1plus: note: unrecognized command-line option ‘-Wno-unnamed-type-template-args’ may have been intended to silence earlier diagnostics'
Compilation failed:
    source file: '/home/r2d2/Desktop/opencvTest/build/CMakeFiles/CMakeTmp/src.cxx'
    check option: ' -fsigned-char -W -Wall -Wreturn-type -Wnon-virtual-dtor -Waddress -Wsequence-point -Wformat -Wformat-security -Wmissing-declarations -Wundef -Winit-self -Wpointer-arith -Wshadow -Wsign-promo -Wuninitialized -Wsuggest-override -Wno-delete-non-virtual-dtor  -Wno-unnamed-type-template-args'
===== BUILD LOG =====
Change Dir: /home/r2d2/Desktop/opencvTest/build/CMakeFiles/CMakeTmp

Run Build Command(s):/usr/bin/gmake cmTC_1358d/fast && /usr/bin/gmake  -f CMakeFiles/cmTC_1358d.dir/build.make CMakeFiles/cmTC_1358d.dir/build
gmake[1]: Entering directory '/home/r2d2/Desktop/opencvTest/build/CMakeFiles/CMakeTmp'
Building CXX object CMakeFiles/cmTC_1358d.dir/src.cxx.o
/usr/bin/c++   -O3 -DNDEBUG -fPIE    -fsigned-char -W -Wall -Wreturn-type -Wnon-virtual-dtor -Waddress -Wsequence-point -Wformat -Wformat-security -Wmissing-declarations -Wundef -Winit-self -Wpointer-arith -Wshadow -Wsign-promo -Wuninitialized -Wsuggest-override -Wno-delete-non-virtual-dtor  -Wno-unnamed-type-template-args -std=c++11 -o CMakeFiles/cmTC_1358d.dir/src.cxx.o -c /home/r2d2/Desktop/opencvTest/build/CMakeFiles/CMakeTmp/src.cxx
/home/r2d2/Desktop/opencvTest/build/CMakeFiles/CMakeTmp/src.cxx:1: warning: ignoring ‘#pragma  ’ [-Wunknown-pragmas]
    1 | #pragma
      | 
cc1plus: note: unrecognized command-line option ‘-Wno-unnamed-type-template-args’ may have been intended to silence earlier diagnostics
Linking CXX executable cmTC_1358d
/usr/bin/cmake -E cmake_link_script CMakeFiles/cmTC_1358d.dir/link.txt --verbose=1
/usr/bin/c++ -O3 -DNDEBUG CMakeFiles/cmTC_1358d.dir/src.cxx.o -o cmTC_1358d 
gmake[1]: Leaving directory '/home/r2d2/Desktop/opencvTest/build/CMakeFiles/CMakeTmp'


===== END =====

Build output check failed:
    Regex: 'unrecognized .*option'
    Output line: 'cc1: note: unrecognized command-line option ‘-Wno-unnamed-type-template-args’ may have been intended to silence earlier diagnostics'
Compilation failed:
    source file: '/home/r2d2/Desktop/opencvTest/build/CMakeFiles/CMakeTmp/src.c'
    check option: ' -fsigned-char -W -Wall -Wreturn-type -Waddress -Wsequence-point -Wformat -Wformat-security -Wmissing-declarations -Wmissing-prototypes -Wstrict-prototypes -Wundef -Winit-self -Wpointer-arith -Wshadow -Wuninitialized  -Wno-unnamed-type-template-args'
===== BUILD LOG =====
Change Dir: /home/r2d2/Desktop/opencvTest/build/CMakeFiles/CMakeTmp

Run Build Command(s):/usr/bin/gmake cmTC_b267d/fast && /usr/bin/gmake  -f CMakeFiles/cmTC_b267d.dir/build.make CMakeFiles/cmTC_b267d.dir/build
gmake[1]: Entering directory '/home/r2d2/Desktop/opencvTest/build/CMakeFiles/CMakeTmp'
Building C object CMakeFiles/cmTC_b267d.dir/src.c.o
/usr/bin/cc   -O3 -DNDEBUG -fPIE    -fsigned-char -W -Wall -Wreturn-type -Waddress -Wsequence-point -Wformat -Wformat-security -Wmissing-declarations -Wmissing-prototypes -Wstrict-prototypes -Wundef -Winit-self -Wpointer-arith -Wshadow -Wuninitialized  -Wno-unnamed-type-template-args -o CMakeFiles/cmTC_b267d.dir/src.c.o -c /home/r2d2/Desktop/opencvTest/build/CMakeFiles/CMakeTmp/src.c
/home/r2d2/Desktop/opencvTest/build/CMakeFiles/CMakeTmp/src.c:1: warning: ignoring ‘#pragma  ’ [-Wunknown-pragmas]
    1 | #pragma
      | 
cc1: note: unrecognized command-line option ‘-Wno-unnamed-type-template-args’ may have been intended to silence earlier diagnostics
Linking C executable cmTC_b267d
/usr/bin/cmake -E cmake_link_script CMakeFiles/cmTC_b267d.dir/link.txt --verbose=1
/usr/bin/cc -O3 -DNDEBUG CMakeFiles/cmTC_b267d.dir/src.c.o -o cmTC_b267d 
gmake[1]: Leaving directory '/home/r2d2/Desktop/opencvTest/build/CMakeFiles/CMakeTmp'


===== END =====

Build output check failed:
    Regex: 'command[- ]line option .* is valid for .* but not for C'
    Output line: 'cc1: warning: command-line option ‘-fvisibility-inlines-hidden’ is valid for C++/ObjC++ but not for C'
Compilation failed:
    source file: '/home/r2d2/Desktop/opencvTest/build/CMakeFiles/CMakeTmp/src.c'
    check option: ' -fsigned-char -W -Wall -Wreturn-type -Waddress -Wsequence-point -Wformat -Wformat-security -Wmissing-declarations -Wmissing-prototypes -Wstrict-prototypes -Wundef -Winit-self -Wpointer-arith -Wshadow -Wuninitialized -Wno-comment -Wimplicit-fallthrough=3 -Wno-strict-overflow -fdiagnostics-show-option -pthread -fomit-frame-pointer -ffunction-sections -fdata-sections    -fvisibility=hidden  -fvisibility-inlines-hidden'
===== BUILD LOG =====
Change Dir: /home/r2d2/Desktop/opencvTest/build/CMakeFiles/CMakeTmp

Run Build Command(s):/usr/bin/gmake cmTC_9aefd/fast && /usr/bin/gmake  -f CMakeFiles/cmTC_9aefd.dir/build.make CMakeFiles/cmTC_9aefd.dir/build
gmake[1]: Entering directory '/home/r2d2/Desktop/opencvTest/build/CMakeFiles/CMakeTmp'
Building C object CMakeFiles/cmTC_9aefd.dir/src.c.o
/usr/bin/cc   -O3 -DNDEBUG -fPIE    -fsigned-char -W -Wall -Wreturn-type -Waddress -Wsequence-point -Wformat -Wformat-security -Wmissing-declarations -Wmissing-prototypes -Wstrict-prototypes -Wundef -Winit-self -Wpointer-arith -Wshadow -Wuninitialized -Wno-comment -Wimplicit-fallthrough=3 -Wno-strict-overflow -fdiagnostics-show-option -pthread -fomit-frame-pointer -ffunction-sections -fdata-sections    -fvisibility=hidden  -fvisibility-inlines-hidden -o CMakeFiles/cmTC_9aefd.dir/src.c.o -c /home/r2d2/Desktop/opencvTest/build/CMakeFiles/CMakeTmp/src.c
cc1: warning: command-line option ‘-fvisibility-inlines-hidden’ is valid for C++/ObjC++ but not for C
/home/r2d2/Desktop/opencvTest/build/CMakeFiles/CMakeTmp/src.c:1: warning: ignoring ‘#pragma  ’ [-Wunknown-pragmas]
    1 | #pragma
      | 
Linking C executable cmTC_9aefd
/usr/bin/cmake -E cmake_link_script CMakeFiles/cmTC_9aefd.dir/link.txt --verbose=1
/usr/bin/cc -O3 -DNDEBUG CMakeFiles/cmTC_9aefd.dir/src.c.o -o cmTC_9aefd 
gmake[1]: Leaving directory '/home/r2d2/Desktop/opencvTest/build/CMakeFiles/CMakeTmp'


===== END =====

Build output check failed:
    Regex: 'unrecognized .*option'
    Output line: 'cc1: note: unrecognized command-line option ‘-Wno-shorten-64-to-32’ may have been intended to silence earlier diagnostics'
Compilation failed:
    source file: '/home/r2d2/Desktop/opencvTest/build/CMakeFiles/CMakeTmp/src.c'
    check option: ' -Wno-shorten-64-to-32'
===== BUILD LOG =====
Change Dir: /home/r2d2/Desktop/opencvTest/build/CMakeFiles/CMakeTmp

Run Build Command(s):/usr/bin/gmake cmTC_10f31/fast && /usr/bin/gmake  -f CMakeFiles/cmTC_10f31.dir/build.make CMakeFiles/cmTC_10f31.dir/build
gmake[1]: Entering directory '/home/r2d2/Desktop/opencvTest/build/CMakeFiles/CMakeTmp'
Building C object CMakeFiles/cmTC_10f31.dir/src.c.o
/usr/bin/cc   -fsigned-char -W -Wall -Wreturn-type -Waddress -Wsequence-point -Wformat -Wformat-security -Wmissing-declarations -Wmissing-prototypes -Wstrict-prototypes -Wundef -Winit-self -Wpointer-arith -Wshadow -Wuninitialized -Wno-comment -Wimplicit-fallthrough=3 -Wno-strict-overflow -fdiagnostics-show-option -pthread -fomit-frame-pointer -ffunction-sections -fdata-sections    -fvisibility=hidden -Wno-unused-parameter -Wno-sign-compare  -O3 -DNDEBUG  -DNDEBUG -fPIE    -Wno-shorten-64-to-32 -o CMakeFiles/cmTC_10f31.dir/src.c.o -c /home/r2d2/Desktop/opencvTest/build/CMakeFiles/CMakeTmp/src.c
/home/r2d2/Desktop/opencvTest/build/CMakeFiles/CMakeTmp/src.c:1: warning: ignoring ‘#pragma  ’ [-Wunknown-pragmas]
    1 | #pragma
      | 
cc1: note: unrecognized command-line option ‘-Wno-shorten-64-to-32’ may have been intended to silence earlier diagnostics
Linking C executable cmTC_10f31
/usr/bin/cmake -E cmake_link_script CMakeFiles/cmTC_10f31.dir/link.txt --verbose=1
/usr/bin/cc    -fsigned-char -W -Wall -Wreturn-type -Waddress -Wsequence-point -Wformat -Wformat-security -Wmissing-declarations -Wmissing-prototypes -Wstrict-prototypes -Wundef -Winit-self -Wpointer-arith -Wshadow -Wuninitialized -Wno-comment -Wimplicit-fallthrough=3 -Wno-strict-overflow -fdiagnostics-show-option -pthread -fomit-frame-pointer -ffunction-sections -fdata-sections    -fvisibility=hidden -Wno-unused-parameter -Wno-sign-compare  -O3 -DNDEBUG  -DNDEBUG   -Wl,--gc-sections -Wl,--as-needed -Wl,--no-undefined  CMakeFiles/cmTC_10f31.dir/src.c.o -o cmTC_10f31 
gmake[1]: Leaving directory '/home/r2d2/Desktop/opencvTest/build/CMakeFiles/CMakeTmp'


===== END =====

Determining if the include file io.h exists failed with the following output:
Change Dir: /home/r2d2/Desktop/opencvTest/build/CMakeFiles/CMakeTmp

Run Build Command(s):/usr/bin/gmake cmTC_0c914/fast && /usr/bin/gmake  -f CMakeFiles/cmTC_0c914.dir/build.make CMakeFiles/cmTC_0c914.dir/build
gmake[1]: Entering directory '/home/r2d2/Desktop/opencvTest/build/CMakeFiles/CMakeTmp'
Building C object CMakeFiles/cmTC_0c914.dir/CheckIncludeFile.c.o
/usr/bin/cc   -fsigned-char -W -Wall -Wreturn-type -Waddress -Wsequence-point -Wformat -Wformat-security -Wmissing-declarations -Wmissing-prototypes -Wstrict-prototypes -Wundef -Winit-self -Wpointer-arith -Wshadow -Wuninitialized -Wno-comment -Wimplicit-fallthrough=3 -Wno-strict-overflow -fdiagnostics-show-option -pthread -fomit-frame-pointer -ffunction-sections -fdata-sections    -fvisibility=hidden  -O3 -DNDEBUG  -DNDEBUG -fPIE -o CMakeFiles/cmTC_0c914.dir/CheckIncludeFile.c.o -c /home/r2d2/Desktop/opencvTest/build/CMakeFiles/CMakeTmp/CheckIncludeFile.c
/home/r2d2/Desktop/opencvTest/build/CMakeFiles/CMakeTmp/CheckIncludeFile.c:1:10: fatal error: io.h: No such file or directory
    1 | #include <io.h>
      |          ^~~~~~
compilation terminated.
gmake[1]: *** [CMakeFiles/cmTC_0c914.dir/build.make:85: CMakeFiles/cmTC_0c914.dir/CheckIncludeFile.c.o] Error 1
gmake[1]: Leaving directory '/home/r2d2/Desktop/opencvTest/build/CMakeFiles/CMakeTmp'
gmake: *** [Makefile:140: cmTC_0c914/fast] Error 2



Determining size of INT8 failed with the following output:
Change Dir: /home/r2d2/Desktop/opencvTest/build/CMakeFiles/CMakeTmp

Run Build Command(s):/usr/bin/gmake cmTC_19490/fast && /usr/bin/gmake  -f CMakeFiles/cmTC_19490.dir/build.make CMakeFiles/cmTC_19490.dir/build
gmake[1]: Entering directory '/home/r2d2/Desktop/opencvTest/build/CMakeFiles/CMakeTmp'
Building C object CMakeFiles/cmTC_19490.dir/int8.c.o
/usr/bin/cc   -fsigned-char -W -Wall -Wreturn-type -Waddress -Wsequence-point -Wformat -Wformat-security -Wmissing-declarations -Wmissing-prototypes -Wstrict-prototypes -Wundef -Winit-self -Wpointer-arith -Wshadow -Wuninitialized -Wno-comment -Wimplicit-fallthrough=3 -Wno-strict-overflow -fdiagnostics-show-option -pthread -fomit-frame-pointer -ffunction-sections -fdata-sections    -fvisibility=hidden  -O3 -DNDEBUG  -DNDEBUG -fPIE -o CMakeFiles/cmTC_19490.dir/int8.c.o -c /home/r2d2/Desktop/opencvTest/build/CMakeFiles/CheckTypeSize/int8.c
/home/r2d2/Desktop/opencvTest/build/CMakeFiles/CheckTypeSize/int8.c:27:22: error: ‘INT8’ undeclared here (not in a function); did you mean ‘INT8_C’?
   27 | #define SIZE (sizeof(INT8))
      |                      ^~~~
/home/r2d2/Desktop/opencvTest/build/CMakeFiles/CheckTypeSize/int8.c:29:12: note: in expansion of macro ‘SIZE’
   29 |   ('0' + ((SIZE / 10000)%10)),
      |            ^~~~
gmake[1]: *** [CMakeFiles/cmTC_19490.dir/build.make:85: CMakeFiles/cmTC_19490.dir/int8.c.o] Error 1
gmake[1]: Leaving directory '/home/r2d2/Desktop/opencvTest/build/CMakeFiles/CMakeTmp'
gmake: *** [Makefile:140: cmTC_19490/fast] Error 2


/home/r2d2/Desktop/opencvTest/build/CMakeFiles/CheckTypeSize/int8.c:
#include <sys/types.h>
#include <stdint.h>
#include <stddef.h>


#undef KEY
#if defined(__i386)
# define KEY '_','_','i','3','8','6'
#elif defined(__x86_64)
# define KEY '_','_','x','8','6','_','6','4'
#elif defined(__PPC64__)
# define KEY '_','_','P','P','C','6','4','_','_'
#elif defined(__ppc64__)
# define KEY '_','_','p','p','c','6','4','_','_'
#elif defined(__PPC__)
# define KEY '_','_','P','P','C','_','_'
#elif defined(__ppc__)
# define KEY '_','_','p','p','c','_','_'
#elif defined(__aarch64__)
# define KEY '_','_','a','a','r','c','h','6','4','_','_'
#elif defined(__ARM_ARCH_7A__)
# define KEY '_','_','A','R','M','_','A','R','C','H','_','7','A','_','_'
#elif defined(__ARM_ARCH_7S__)
# define KEY '_','_','A','R','M','_','A','R','C','H','_','7','S','_','_'
#endif

#define SIZE (sizeof(INT8))
static char info_size[] =  {'I', 'N', 'F', 'O', ':', 's','i','z','e','[',
  ('0' + ((SIZE / 10000)%10)),
  ('0' + ((SIZE / 1000)%10)),
  ('0' + ((SIZE / 100)%10)),
  ('0' + ((SIZE / 10)%10)),
  ('0' +  (SIZE    % 10)),
  ']',
#ifdef KEY
  ' ','k','e','y','[', KEY, ']',
#endif
  '\0'};

#ifdef __CLASSIC_C__
int main(argc, argv) int argc; char *argv[];
#else
int main(int argc, char *argv[])
#endif
{
  int require = 0;
  require += info_size[argc];
  (void)argv;
  return require;
}


Determining size of INT16 failed with the following output:
Change Dir: /home/r2d2/Desktop/opencvTest/build/CMakeFiles/CMakeTmp

Run Build Command(s):/usr/bin/gmake cmTC_371f8/fast && /usr/bin/gmake  -f CMakeFiles/cmTC_371f8.dir/build.make CMakeFiles/cmTC_371f8.dir/build
gmake[1]: Entering directory '/home/r2d2/Desktop/opencvTest/build/CMakeFiles/CMakeTmp'
Building C object CMakeFiles/cmTC_371f8.dir/int16.c.o
/usr/bin/cc   -fsigned-char -W -Wall -Wreturn-type -Waddress -Wsequence-point -Wformat -Wformat-security -Wmissing-declarations -Wmissing-prototypes -Wstrict-prototypes -Wundef -Winit-self -Wpointer-arith -Wshadow -Wuninitialized -Wno-comment -Wimplicit-fallthrough=3 -Wno-strict-overflow -fdiagnostics-show-option -pthread -fomit-frame-pointer -ffunction-sections -fdata-sections    -fvisibility=hidden  -O3 -DNDEBUG  -DNDEBUG -fPIE -o CMakeFiles/cmTC_371f8.dir/int16.c.o -c /home/r2d2/Desktop/opencvTest/build/CMakeFiles/CheckTypeSize/int16.c
/home/r2d2/Desktop/opencvTest/build/CMakeFiles/CheckTypeSize/int16.c:27:22: error: ‘INT16’ undeclared here (not in a function); did you mean ‘INT16_C’?
   27 | #define SIZE (sizeof(INT16))
      |                      ^~~~~
/home/r2d2/Desktop/opencvTest/build/CMakeFiles/CheckTypeSize/int16.c:29:12: note: in expansion of macro ‘SIZE’
   29 |   ('0' + ((SIZE / 10000)%10)),
      |            ^~~~
gmake[1]: *** [CMakeFiles/cmTC_371f8.dir/build.make:85: CMakeFiles/cmTC_371f8.dir/int16.c.o] Error 1
gmake[1]: Leaving directory '/home/r2d2/Desktop/opencvTest/build/CMakeFiles/CMakeTmp'
gmake: *** [Makefile:140: cmTC_371f8/fast] Error 2


/home/r2d2/Desktop/opencvTest/build/CMakeFiles/CheckTypeSize/int16.c:
#include <sys/types.h>
#include <stdint.h>
#include <stddef.h>


#undef KEY
#if defined(__i386)
# define KEY '_','_','i','3','8','6'
#elif defined(__x86_64)
# define KEY '_','_','x','8','6','_','6','4'
#elif defined(__PPC64__)
# define KEY '_','_','P','P','C','6','4','_','_'
#elif defined(__ppc64__)
# define KEY '_','_','p','p','c','6','4','_','_'
#elif defined(__PPC__)
# define KEY '_','_','P','P','C','_','_'
#elif defined(__ppc__)
# define KEY '_','_','p','p','c','_','_'
#elif defined(__aarch64__)
# define KEY '_','_','a','a','r','c','h','6','4','_','_'
#elif defined(__ARM_ARCH_7A__)
# define KEY '_','_','A','R','M','_','A','R','C','H','_','7','A','_','_'
#elif defined(__ARM_ARCH_7S__)
# define KEY '_','_','A','R','M','_','A','R','C','H','_','7','S','_','_'
#endif

#define SIZE (sizeof(INT16))
static char info_size[] =  {'I', 'N', 'F', 'O', ':', 's','i','z','e','[',
  ('0' + ((SIZE / 10000)%10)),
  ('0' + ((SIZE / 1000)%10)),
  ('0' + ((SIZE / 100)%10)),
  ('0' + ((SIZE / 10)%10)),
  ('0' +  (SIZE    % 10)),
  ']',
#ifdef KEY
  ' ','k','e','y','[', KEY, ']',
#endif
  '\0'};

#ifdef __CLASSIC_C__
int main(argc, argv) int argc; char *argv[];
#else
int main(int argc, char *argv[])
#endif
{
  int require = 0;
  require += info_size[argc];
  (void)argv;
  return require;
}


Determining size of INT32 failed with the following output:
Change Dir: /home/r2d2/Desktop/opencvTest/build/CMakeFiles/CMakeTmp

Run Build Command(s):/usr/bin/gmake cmTC_eb1c3/fast && /usr/bin/gmake  -f CMakeFiles/cmTC_eb1c3.dir/build.make CMakeFiles/cmTC_eb1c3.dir/build
gmake[1]: Entering directory '/home/r2d2/Desktop/opencvTest/build/CMakeFiles/CMakeTmp'
Building C object CMakeFiles/cmTC_eb1c3.dir/int32.c.o
/usr/bin/cc   -fsigned-char -W -Wall -Wreturn-type -Waddress -Wsequence-point -Wformat -Wformat-security -Wmissing-declarations -Wmissing-prototypes -Wstrict-prototypes -Wundef -Winit-self -Wpointer-arith -Wshadow -Wuninitialized -Wno-comment -Wimplicit-fallthrough=3 -Wno-strict-overflow -fdiagnostics-show-option -pthread -fomit-frame-pointer -ffunction-sections -fdata-sections    -fvisibility=hidden  -O3 -DNDEBUG  -DNDEBUG -fPIE -o CMakeFiles/cmTC_eb1c3.dir/int32.c.o -c /home/r2d2/Desktop/opencvTest/build/CMakeFiles/CheckTypeSize/int32.c
/home/r2d2/Desktop/opencvTest/build/CMakeFiles/CheckTypeSize/int32.c:27:22: error: ‘INT32’ undeclared here (not in a function); did you mean ‘INT32_C’?
   27 | #define SIZE (sizeof(INT32))
      |                      ^~~~~
/home/r2d2/Desktop/opencvTest/build/CMakeFiles/CheckTypeSize/int32.c:29:12: note: in expansion of macro ‘SIZE’
   29 |   ('0' + ((SIZE / 10000)%10)),
      |            ^~~~
gmake[1]: *** [CMakeFiles/cmTC_eb1c3.dir/build.make:85: CMakeFiles/cmTC_eb1c3.dir/int32.c.o] Error 1
gmake[1]: Leaving directory '/home/r2d2/Desktop/opencvTest/build/CMakeFiles/CMakeTmp'
gmake: *** [Makefile:140: cmTC_eb1c3/fast] Error 2


/home/r2d2/Desktop/opencvTest/build/CMakeFiles/CheckTypeSize/int32.c:
#include <sys/types.h>
#include <stdint.h>
#include <stddef.h>


#undef KEY
#if defined(__i386)
# define KEY '_','_','i','3','8','6'
#elif defined(__x86_64)
# define KEY '_','_','x','8','6','_','6','4'
#elif defined(__PPC64__)
# define KEY '_','_','P','P','C','6','4','_','_'
#elif defined(__ppc64__)
# define KEY '_','_','p','p','c','6','4','_','_'
#elif defined(__PPC__)
# define KEY '_','_','P','P','C','_','_'
#elif defined(__ppc__)
# define KEY '_','_','p','p','c','_','_'
#elif defined(__aarch64__)
# define KEY '_','_','a','a','r','c','h','6','4','_','_'
#elif defined(__ARM_ARCH_7A__)
# define KEY '_','_','A','R','M','_','A','R','C','H','_','7','A','_','_'
#elif defined(__ARM_ARCH_7S__)
# define KEY '_','_','A','R','M','_','A','R','C','H','_','7','S','_','_'
#endif

#define SIZE (sizeof(INT32))
static char info_size[] =  {'I', 'N', 'F', 'O', ':', 's','i','z','e','[',
  ('0' + ((SIZE / 10000)%10)),
  ('0' + ((SIZE / 1000)%10)),
  ('0' + ((SIZE / 100)%10)),
  ('0' + ((SIZE / 10)%10)),
  ('0' +  (SIZE    % 10)),
  ']',
#ifdef KEY
  ' ','k','e','y','[', KEY, ']',
#endif
  '\0'};

#ifdef __CLASSIC_C__
int main(argc, argv) int argc; char *argv[];
#else
int main(int argc, char *argv[])
#endif
{
  int require = 0;
  require += info_size[argc];
  (void)argv;
  return require;
}


Determining if the function setmode exists failed with the following output:
Change Dir: /home/r2d2/Desktop/opencvTest/build/CMakeFiles/CMakeTmp

Run Build Command(s):/usr/bin/gmake cmTC_a9272/fast && /usr/bin/gmake  -f CMakeFiles/cmTC_a9272.dir/build.make CMakeFiles/cmTC_a9272.dir/build
gmake[1]: Entering directory '/home/r2d2/Desktop/opencvTest/build/CMakeFiles/CMakeTmp'
Building C object CMakeFiles/cmTC_a9272.dir/CheckFunctionExists.c.o
/usr/bin/cc   -fsigned-char -W -Wall -Wreturn-type -Waddress -Wsequence-point -Wformat -Wformat-security -Wmissing-declarations -Wmissing-prototypes -Wstrict-prototypes -Wundef -Winit-self -Wpointer-arith -Wshadow -Wuninitialized -Wno-comment -Wimplicit-fallthrough=3 -Wno-strict-overflow -fdiagnostics-show-option -pthread -fomit-frame-pointer -ffunction-sections -fdata-sections    -fvisibility=hidden -DCHECK_FUNCTION_EXISTS=setmode -O3 -DNDEBUG  -DNDEBUG -fPIE -o CMakeFiles/cmTC_a9272.dir/CheckFunctionExists.c.o -c /usr/share/cmake-3.18/Modules/CheckFunctionExists.c
Linking C executable cmTC_a9272
/usr/bin/cmake -E cmake_link_script CMakeFiles/cmTC_a9272.dir/link.txt --verbose=1
/usr/bin/cc    -fsigned-char -W -Wall -Wreturn-type -Waddress -Wsequence-point -Wformat -Wformat-security -Wmissing-declarations -Wmissing-prototypes -Wstrict-prototypes -Wundef -Winit-self -Wpointer-arith -Wshadow -Wuninitialized -Wno-comment -Wimplicit-fallthrough=3 -Wno-strict-overflow -fdiagnostics-show-option -pthread -fomit-frame-pointer -ffunction-sections -fdata-sections    -fvisibility=hidden -DCHECK_FUNCTION_EXISTS=setmode -O3 -DNDEBUG  -DNDEBUG   -Wl,--gc-sections -Wl,--as-needed -Wl,--no-undefined  CMakeFiles/cmTC_a9272.dir/CheckFunctionExists.c.o -o cmTC_a9272 
/usr/bin/ld: CMakeFiles/cmTC_a9272.dir/CheckFunctionExists.c.o: in function `main':
CheckFunctionExists.c:(.text.startup.main+0x10): undefined reference to `setmode'
collect2: error: ld returned 1 exit status
gmake[1]: *** [CMakeFiles/cmTC_a9272.dir/build.make:106: cmTC_a9272] Error 1
gmake[1]: Leaving directory '/home/r2d2/Desktop/opencvTest/build/CMakeFiles/CMakeTmp'
gmake: *** [Makefile:140: cmTC_a9272/fast] Error 2



Build output check failed:
    Regex: 'unrecognized .*option'
    Output line: 'cc1: note: unrecognized command-line option ‘-Wno-array-parameter’ may have been intended to silence earlier diagnostics'
Compilation failed:
    source file: '/home/r2d2/Desktop/opencvTest/build/CMakeFiles/CMakeTmp/src.c'
    check option: ' -Wno-array-parameter'
===== BUILD LOG =====
Change Dir: /home/r2d2/Desktop/opencvTest/build/CMakeFiles/CMakeTmp

Run Build Command(s):/usr/bin/gmake cmTC_c1c2f/fast && /usr/bin/gmake  -f CMakeFiles/cmTC_c1c2f.dir/build.make CMakeFiles/cmTC_c1c2f.dir/build
gmake[1]: Entering directory '/home/r2d2/Desktop/opencvTest/build/CMakeFiles/CMakeTmp'
Building C object CMakeFiles/cmTC_c1c2f.dir/src.c.o
/usr/bin/cc   -fsigned-char -W -Wall -Wreturn-type -Waddress -Wsequence-point -Wformat -Wformat-security -Wstrict-prototypes -Winit-self -Wpointer-arith -Wuninitialized -Wno-comment -Wno-strict-overflow -fdiagnostics-show-option -pthread -fomit-frame-pointer -ffunction-sections -fdata-sections    -fvisibility=hidden -Wno-unused-but-set-variable -Wno-missing-prototypes -Wno-missing-declarations -Wno-undef -Wno-unused -Wno-sign-compare -Wno-cast-align -Wno-shadow -Wno-maybe-uninitialized -Wno-pointer-to-int-cast -Wno-int-to-pointer-cast -Wno-misleading-indentation -Wno-implicit-fallthrough -Wno-unused-parameter  -O3 -DNDEBUG  -DNDEBUG -fPIE    -Wno-array-parameter -o CMakeFiles/cmTC_c1c2f.dir/src.c.o -c /home/r2d2/Desktop/opencvTest/build/CMakeFiles/CMakeTmp/src.c
/home/r2d2/Desktop/opencvTest/build/CMakeFiles/CMakeTmp/src.c:1: warning: ignoring ‘#pragma  ’ [-Wunknown-pragmas]
    1 | #pragma
      | 
cc1: note: unrecognized command-line option ‘-Wno-array-parameter’ may have been intended to silence earlier diagnostics
Linking C executable cmTC_c1c2f
/usr/bin/cmake -E cmake_link_script CMakeFiles/cmTC_c1c2f.dir/link.txt --verbose=1
/usr/bin/cc    -fsigned-char -W -Wall -Wreturn-type -Waddress -Wsequence-point -Wformat -Wformat-security -Wstrict-prototypes -Winit-self -Wpointer-arith -Wuninitialized -Wno-comment -Wno-strict-overflow -fdiagnostics-show-option -pthread -fomit-frame-pointer -ffunction-sections -fdata-sections    -fvisibility=hidden -Wno-unused-but-set-variable -Wno-missing-prototypes -Wno-missing-declarations -Wno-undef -Wno-unused -Wno-sign-compare -Wno-cast-align -Wno-shadow -Wno-maybe-uninitialized -Wno-pointer-to-int-cast -Wno-int-to-pointer-cast -Wno-misleading-indentation -Wno-implicit-fallthrough -Wno-unused-parameter  -O3 -DNDEBUG  -DNDEBUG   -Wl,--gc-sections -Wl,--as-needed -Wl,--no-undefined  CMakeFiles/cmTC_c1c2f.dir/src.c.o -o cmTC_c1c2f 
gmake[1]: Leaving directory '/home/r2d2/Desktop/opencvTest/build/CMakeFiles/CMakeTmp'


===== END =====

Build output check failed:
    Regex: 'command[- ]line option .* is valid for .* but not for C\+\+'
    Output line: 'cc1plus: warning: command-line option ‘-Wno-missing-prototypes’ is valid for C/ObjC but not for C++'
Compilation failed:
    source file: '/home/r2d2/Desktop/opencvTest/build/CMakeFiles/CMakeTmp/src.cxx'
    check option: ' -Wno-missing-prototypes'
===== BUILD LOG =====
Change Dir: /home/r2d2/Desktop/opencvTest/build/CMakeFiles/CMakeTmp

Run Build Command(s):/usr/bin/gmake cmTC_8970d/fast && /usr/bin/gmake  -f CMakeFiles/cmTC_8970d.dir/build.make CMakeFiles/cmTC_8970d.dir/build
gmake[1]: Entering directory '/home/r2d2/Desktop/opencvTest/build/CMakeFiles/CMakeTmp'
Building CXX object CMakeFiles/cmTC_8970d.dir/src.cxx.o
/usr/bin/c++   -fsigned-char -W -Wall -Wreturn-type -Wnon-virtual-dtor -Waddress -Wsequence-point -Wformat -Wformat-security -Wundef -Winit-self -Wpointer-arith -Wshadow -Wsign-promo -Wuninitialized -Wsuggest-override -Wno-delete-non-virtual-dtor -Wno-comment -Wimplicit-fallthrough=3 -Wno-strict-overflow -fdiagnostics-show-option -pthread -fomit-frame-pointer -ffunction-sections -fdata-sections    -fvisibility=hidden -fvisibility-inlines-hidden -Wno-missing-declarations -Wno-unused-parameter  -O3 -DNDEBUG  -DNDEBUG -fPIE    -Wno-missing-prototypes -std=c++11 -o CMakeFiles/cmTC_8970d.dir/src.cxx.o -c /home/r2d2/Desktop/opencvTest/build/CMakeFiles/CMakeTmp/src.cxx
cc1plus: warning: command-line option ‘-Wno-missing-prototypes’ is valid for C/ObjC but not for C++
/home/r2d2/Desktop/opencvTest/build/CMakeFiles/CMakeTmp/src.cxx:1: warning: ignoring ‘#pragma  ’ [-Wunknown-pragmas]
    1 | #pragma
      | 
Linking CXX executable cmTC_8970d
/usr/bin/cmake -E cmake_link_script CMakeFiles/cmTC_8970d.dir/link.txt --verbose=1
/usr/bin/c++    -fsigned-char -W -Wall -Wreturn-type -Wnon-virtual-dtor -Waddress -Wsequence-point -Wformat -Wformat-security -Wundef -Winit-self -Wpointer-arith -Wshadow -Wsign-promo -Wuninitialized -Wsuggest-override -Wno-delete-non-virtual-dtor -Wno-comment -Wimplicit-fallthrough=3 -Wno-strict-overflow -fdiagnostics-show-option -pthread -fomit-frame-pointer -ffunction-sections -fdata-sections    -fvisibility=hidden -fvisibility-inlines-hidden -Wno-missing-declarations -Wno-unused-parameter  -O3 -DNDEBUG  -DNDEBUG   -Wl,--gc-sections -Wl,--as-needed -Wl,--no-undefined  CMakeFiles/cmTC_8970d.dir/src.cxx.o -o cmTC_8970d 
gmake[1]: Leaving directory '/home/r2d2/Desktop/opencvTest/build/CMakeFiles/CMakeTmp'


===== END =====

Build output check failed:
    Regex: 'unrecognized .*option'
    Output line: 'cc1: note: unrecognized command-line option ‘-Wno-implicit-const-int-float-conversion’ may have been intended to silence earlier diagnostics'
Compilation failed:
    source file: '/home/r2d2/Desktop/opencvTest/build/CMakeFiles/CMakeTmp/src.c'
    check option: ' -Wno-implicit-const-int-float-conversion'
===== BUILD LOG =====
Change Dir: /home/r2d2/Desktop/opencvTest/build/CMakeFiles/CMakeTmp

Run Build Command(s):/usr/bin/gmake cmTC_3837a/fast && /usr/bin/gmake  -f CMakeFiles/cmTC_3837a.dir/build.make CMakeFiles/cmTC_3837a.dir/build
gmake[1]: Entering directory '/home/r2d2/Desktop/opencvTest/build/CMakeFiles/CMakeTmp'
Building C object CMakeFiles/cmTC_3837a.dir/src.c.o
/usr/bin/cc   -fsigned-char -W -Wall -Wreturn-type -Waddress -Wsequence-point -Wformat -Wformat-security -Wmissing-declarations -Wmissing-prototypes -Wstrict-prototypes -Wundef -Winit-self -Wpointer-arith -Wshadow -Wuninitialized -Wno-comment -Wimplicit-fallthrough=3 -Wno-strict-overflow -fdiagnostics-show-option -pthread -fomit-frame-pointer -ffunction-sections -fdata-sections    -fvisibility=hidden  -O3 -DNDEBUG  -DNDEBUG -fPIE    -Wno-implicit-const-int-float-conversion -o CMakeFiles/cmTC_3837a.dir/src.c.o -c /home/r2d2/Desktop/opencvTest/build/CMakeFiles/CMakeTmp/src.c
/home/r2d2/Desktop/opencvTest/build/CMakeFiles/CMakeTmp/src.c:1: warning: ignoring ‘#pragma  ’ [-Wunknown-pragmas]
    1 | #pragma
      | 
cc1: note: unrecognized command-line option ‘-Wno-implicit-const-int-float-conversion’ may have been intended to silence earlier diagnostics
Linking C executable cmTC_3837a
/usr/bin/cmake -E cmake_link_script CMakeFiles/cmTC_3837a.dir/link.txt --verbose=1
/usr/bin/cc    -fsigned-char -W -Wall -Wreturn-type -Waddress -Wsequence-point -Wformat -Wformat-security -Wmissing-declarations -Wmissing-prototypes -Wstrict-prototypes -Wundef -Winit-self -Wpointer-arith -Wshadow -Wuninitialized -Wno-comment -Wimplicit-fallthrough=3 -Wno-strict-overflow -fdiagnostics-show-option -pthread -fomit-frame-pointer -ffunction-sections -fdata-sections    -fvisibility=hidden  -O3 -DNDEBUG  -DNDEBUG   -Wl,--gc-sections -Wl,--as-needed -Wl,--no-undefined  CMakeFiles/cmTC_3837a.dir/src.c.o -o cmTC_3837a 
gmake[1]: Leaving directory '/home/r2d2/Desktop/opencvTest/build/CMakeFiles/CMakeTmp'


===== END =====

Determining if the _aligned_malloc exist failed with the following output:
Change Dir: /home/r2d2/Desktop/opencvTest/build/CMakeFiles/CMakeTmp

Run Build Command(s):/usr/bin/gmake cmTC_adf37/fast && /usr/bin/gmake  -f CMakeFiles/cmTC_adf37.dir/build.make CMakeFiles/cmTC_adf37.dir/build
gmake[1]: Entering directory '/home/r2d2/Desktop/opencvTest/build/CMakeFiles/CMakeTmp'
Building C object CMakeFiles/cmTC_adf37.dir/CheckSymbolExists.c.o
/usr/bin/cc   -fsigned-char -W -Wall -Wreturn-type -Waddress -Wsequence-point -Wformat -Wformat-security -Wmissing-declarations -Wmissing-prototypes -Wstrict-prototypes -Wundef -Winit-self -Wpointer-arith -Wshadow -Wuninitialized -Wno-comment -Wimplicit-fallthrough=3 -Wno-strict-overflow -fdiagnostics-show-option -pthread -fomit-frame-pointer -ffunction-sections -fdata-sections    -fvisibility=hidden -Wno-unused-but-set-variable  -O3 -DNDEBUG  -DNDEBUG -fPIE -o CMakeFiles/cmTC_adf37.dir/CheckSymbolExists.c.o -c /home/r2d2/Desktop/opencvTest/build/CMakeFiles/CMakeTmp/CheckSymbolExists.c
/home/r2d2/Desktop/opencvTest/build/CMakeFiles/CMakeTmp/CheckSymbolExists.c: In function ‘main’:
/home/r2d2/Desktop/opencvTest/build/CMakeFiles/CMakeTmp/CheckSymbolExists.c:8:19: error: ‘_aligned_malloc’ undeclared (first use in this function)
    8 |   return ((int*)(&_aligned_malloc))[argc];
      |                   ^~~~~~~~~~~~~~~
/home/r2d2/Desktop/opencvTest/build/CMakeFiles/CMakeTmp/CheckSymbolExists.c:8:19: note: each undeclared identifier is reported only once for each function it appears in
/home/r2d2/Desktop/opencvTest/build/CMakeFiles/CMakeTmp/CheckSymbolExists.c:4:14: warning: parameter ‘argc’ set but not used [-Wunused-but-set-parameter]
    4 | int main(int argc, char** argv)
      |          ~~~~^~~~
gmake[1]: *** [CMakeFiles/cmTC_adf37.dir/build.make:85: CMakeFiles/cmTC_adf37.dir/CheckSymbolExists.c.o] Error 1
gmake[1]: Leaving directory '/home/r2d2/Desktop/opencvTest/build/CMakeFiles/CMakeTmp'
gmake: *** [Makefile:140: cmTC_adf37/fast] Error 2


File /home/r2d2/Desktop/opencvTest/build/CMakeFiles/CMakeTmp/CheckSymbolExists.c:
/* */
#include <malloc.h>

int main(int argc, char** argv)
{
  (void)argv;
#ifndef _aligned_malloc
  return ((int*)(&_aligned_malloc))[argc];
#else
  (void)argc;
  return 0;
#endif
}
Build output check failed:
    Regex: 'unrecognized .*option'
    Output line: 'cc1plus: note: unrecognized command-line option ‘-Wno-inconsistent-missing-override’ may have been intended to silence earlier diagnostics'
Compilation failed:
    source file: '/home/r2d2/Desktop/opencvTest/build/CMakeFiles/CMakeTmp/src.cxx'
    check option: ' -Wno-inconsistent-missing-override'
===== BUILD LOG =====
Change Dir: /home/r2d2/Desktop/opencvTest/build/CMakeFiles/CMakeTmp

Run Build Command(s):/usr/bin/gmake cmTC_4de21/fast && /usr/bin/gmake  -f CMakeFiles/cmTC_4de21.dir/build.make CMakeFiles/cmTC_4de21.dir/build
gmake[1]: Entering directory '/home/r2d2/Desktop/opencvTest/build/CMakeFiles/CMakeTmp'
Building CXX object CMakeFiles/cmTC_4de21.dir/src.cxx.o
/usr/bin/c++   -fsigned-char -W -Wall -Wreturn-type -Wnon-virtual-dtor -Waddress -Wsequence-point -Wformat -Wformat-security -Winit-self -Wpointer-arith -Wsign-promo -Wno-delete-non-virtual-dtor -Wno-comment -Wimplicit-fallthrough=3 -Wno-strict-overflow -fdiagnostics-show-option -pthread -fomit-frame-pointer -ffunction-sections -fdata-sections    -fvisibility=hidden -fvisibility-inlines-hidden -Wno-shadow -Wno-unused -Wno-sign-compare -Wno-undef -Wno-missing-declarations -Wno-uninitialized -Wno-switch -Wno-parentheses -Wno-array-bounds -Wno-extra -Wno-deprecated-declarations -Wno-misleading-indentation -Wno-deprecated -Wno-suggest-override  -O3 -DNDEBUG  -DNDEBUG -fPIE    -Wno-inconsistent-missing-override -std=c++11 -o CMakeFiles/cmTC_4de21.dir/src.cxx.o -c /home/r2d2/Desktop/opencvTest/build/CMakeFiles/CMakeTmp/src.cxx
/home/r2d2/Desktop/opencvTest/build/CMakeFiles/CMakeTmp/src.cxx:1: warning: ignoring ‘#pragma  ’ [-Wunknown-pragmas]
    1 | #pragma
      | 
cc1plus: note: unrecognized command-line option ‘-Wno-inconsistent-missing-override’ may have been intended to silence earlier diagnostics
Linking CXX executable cmTC_4de21
/usr/bin/cmake -E cmake_link_script CMakeFiles/cmTC_4de21.dir/link.txt --verbose=1
/usr/bin/c++    -fsigned-char -W -Wall -Wreturn-type -Wnon-virtual-dtor -Waddress -Wsequence-point -Wformat -Wformat-security -Winit-self -Wpointer-arith -Wsign-promo -Wno-delete-non-virtual-dtor -Wno-comment -Wimplicit-fallthrough=3 -Wno-strict-overflow -fdiagnostics-show-option -pthread -fomit-frame-pointer -ffunction-sections -fdata-sections    -fvisibility=hidden -fvisibility-inlines-hidden -Wno-shadow -Wno-unused -Wno-sign-compare -Wno-undef -Wno-missing-declarations -Wno-uninitialized -Wno-switch -Wno-parentheses -Wno-array-bounds -Wno-extra -Wno-deprecated-declarations -Wno-misleading-indentation -Wno-deprecated -Wno-suggest-override  -O3 -DNDEBUG  -DNDEBUG   -Wl,--gc-sections -Wl,--as-needed -Wl,--no-undefined  CMakeFiles/cmTC_4de21.dir/src.cxx.o -o cmTC_4de21 
gmake[1]: Leaving directory '/home/r2d2/Desktop/opencvTest/build/CMakeFiles/CMakeTmp'


===== END =====

Build output check failed:
    Regex: 'unrecognized .*option'
    Output line: 'cc1plus: note: unrecognized command-line option ‘-Wno-implicit-const-int-float-conversion’ may have been intended to silence earlier diagnostics'
Compilation failed:
    source file: '/home/r2d2/Desktop/opencvTest/build/CMakeFiles/CMakeTmp/src.cxx'
    check option: ' -Wno-implicit-const-int-float-conversion'
===== BUILD LOG =====
Change Dir: /home/r2d2/Desktop/opencvTest/build/CMakeFiles/CMakeTmp

Run Build Command(s):/usr/bin/gmake cmTC_72e36/fast && /usr/bin/gmake  -f CMakeFiles/cmTC_72e36.dir/build.make CMakeFiles/cmTC_72e36.dir/build
gmake[1]: Entering directory '/home/r2d2/Desktop/opencvTest/build/CMakeFiles/CMakeTmp'
Building CXX object CMakeFiles/cmTC_72e36.dir/src.cxx.o
/usr/bin/c++   -fsigned-char -W -Wall -Wreturn-type -Wnon-virtual-dtor -Waddress -Wsequence-point -Wformat -Wformat-security -Winit-self -Wpointer-arith -Wsign-promo -Wno-delete-non-virtual-dtor -Wno-comment -Wno-strict-overflow -fdiagnostics-show-option -pthread -fomit-frame-pointer -ffunction-sections -fdata-sections    -fvisibility=hidden -fvisibility-inlines-hidden -Wno-shadow -Wno-unused -Wno-sign-compare -Wno-undef -Wno-missing-declarations -Wno-uninitialized -Wno-switch -Wno-parentheses -Wno-array-bounds -Wno-extra -Wno-deprecated-declarations -Wno-misleading-indentation -Wno-deprecated -Wno-suggest-override -Wno-implicit-fallthrough -Wno-tautological-compare -Wno-reorder -Wno-unused-result  -O3 -DNDEBUG  -DNDEBUG -fPIE    -Wno-implicit-const-int-float-conversion -std=c++11 -o CMakeFiles/cmTC_72e36.dir/src.cxx.o -c /home/r2d2/Desktop/opencvTest/build/CMakeFiles/CMakeTmp/src.cxx
/home/r2d2/Desktop/opencvTest/build/CMakeFiles/CMakeTmp/src.cxx:1: warning: ignoring ‘#pragma  ’ [-Wunknown-pragmas]
    1 | #pragma
      | 
cc1plus: note: unrecognized command-line option ‘-Wno-implicit-const-int-float-conversion’ may have been intended to silence earlier diagnostics
Linking CXX executable cmTC_72e36
/usr/bin/cmake -E cmake_link_script CMakeFiles/cmTC_72e36.dir/link.txt --verbose=1
/usr/bin/c++    -fsigned-char -W -Wall -Wreturn-type -Wnon-virtual-dtor -Waddress -Wsequence-point -Wformat -Wformat-security -Winit-self -Wpointer-arith -Wsign-promo -Wno-delete-non-virtual-dtor -Wno-comment -Wno-strict-overflow -fdiagnostics-show-option -pthread -fomit-frame-pointer -ffunction-sections -fdata-sections    -fvisibility=hidden -fvisibility-inlines-hidden -Wno-shadow -Wno-unused -Wno-sign-compare -Wno-undef -Wno-missing-declarations -Wno-uninitialized -Wno-switch -Wno-parentheses -Wno-array-bounds -Wno-extra -Wno-deprecated-declarations -Wno-misleading-indentation -Wno-deprecated -Wno-suggest-override -Wno-implicit-fallthrough -Wno-tautological-compare -Wno-reorder -Wno-unused-result  -O3 -DNDEBUG  -DNDEBUG   -Wl,--gc-sections -Wl,--as-needed -Wl,--no-undefined  CMakeFiles/cmTC_72e36.dir/src.cxx.o -o cmTC_72e36 
gmake[1]: Leaving directory '/home/r2d2/Desktop/opencvTest/build/CMakeFiles/CMakeTmp'


===== END =====

Determining if the function sgemm_ exists failed with the following output:
Change Dir: /home/r2d2/Desktop/opencvTest/build/CMakeFiles/CMakeTmp

Run Build Command(s):/usr/bin/gmake cmTC_905d5/fast && /usr/bin/gmake  -f CMakeFiles/cmTC_905d5.dir/build.make CMakeFiles/cmTC_905d5.dir/build
gmake[1]: Entering directory '/home/r2d2/Desktop/opencvTest/build/CMakeFiles/CMakeTmp'
Building C object CMakeFiles/cmTC_905d5.dir/CheckFunctionExists.c.o
/usr/bin/cc   -fsigned-char -W -Wall -Wreturn-type -Waddress -Wsequence-point -Wformat -Wformat-security -Wmissing-declarations -Wmissing-prototypes -Wstrict-prototypes -Wundef -Winit-self -Wpointer-arith -Wshadow -Wuninitialized -Wno-comment -Wimplicit-fallthrough=3 -Wno-strict-overflow -fdiagnostics-show-option -pthread -fomit-frame-pointer -ffunction-sections -fdata-sections    -fvisibility=hidden -DCHECK_FUNCTION_EXISTS=sgemm_ -O3 -DNDEBUG  -DNDEBUG -fPIE -o CMakeFiles/cmTC_905d5.dir/CheckFunctionExists.c.o -c /usr/share/cmake-3.18/Modules/CheckFunctionExists.c
Linking C executable cmTC_905d5
/usr/bin/cmake -E cmake_link_script CMakeFiles/cmTC_905d5.dir/link.txt --verbose=1
/usr/bin/cc    -fsigned-char -W -Wall -Wreturn-type -Waddress -Wsequence-point -Wformat -Wformat-security -Wmissing-declarations -Wmissing-prototypes -Wstrict-prototypes -Wundef -Winit-self -Wpointer-arith -Wshadow -Wuninitialized -Wno-comment -Wimplicit-fallthrough=3 -Wno-strict-overflow -fdiagnostics-show-option -pthread -fomit-frame-pointer -ffunction-sections -fdata-sections    -fvisibility=hidden -DCHECK_FUNCTION_EXISTS=sgemm_ -O3 -DNDEBUG  -DNDEBUG   -Wl,--gc-sections -Wl,--as-needed -Wl,--no-undefined  CMakeFiles/cmTC_905d5.dir/CheckFunctionExists.c.o -o cmTC_905d5 
/usr/bin/ld: CMakeFiles/cmTC_905d5.dir/CheckFunctionExists.c.o: in function `main':
CheckFunctionExists.c:(.text.startup.main+0x10): undefined reference to `sgemm_'
collect2: error: ld returned 1 exit status
gmake[1]: *** [CMakeFiles/cmTC_905d5.dir/build.make:106: cmTC_905d5] Error 1
gmake[1]: Leaving directory '/home/r2d2/Desktop/opencvTest/build/CMakeFiles/CMakeTmp'
gmake: *** [Makefile:140: cmTC_905d5/fast] Error 2



Build output check failed:
    Regex: 'unrecognized .*option'
    Output line: 'cc1plus: note: unrecognized command-line option ‘-Wno-tautological-undefined-compare’ may have been intended to silence earlier diagnostics'
Compilation failed:
    source file: '/home/r2d2/Desktop/opencvTest/build/CMakeFiles/CMakeTmp/src.cxx'
    check option: ' -Wno-tautological-undefined-compare'
===== BUILD LOG =====
Change Dir: /home/r2d2/Desktop/opencvTest/build/CMakeFiles/CMakeTmp

Run Build Command(s):/usr/bin/gmake cmTC_9857b/fast && /usr/bin/gmake  -f CMakeFiles/cmTC_9857b.dir/build.make CMakeFiles/cmTC_9857b.dir/build
gmake[1]: Entering directory '/home/r2d2/Desktop/opencvTest/build/CMakeFiles/CMakeTmp'
Building CXX object CMakeFiles/cmTC_9857b.dir/src.cxx.o
/usr/bin/c++   -fsigned-char -W -Wall -Wreturn-type -Wnon-virtual-dtor -Waddress -Wsequence-point -Wformat -Wformat-security -Winit-self -Wpointer-arith -Wuninitialized -Wsuggest-override -Wno-delete-non-virtual-dtor -Wno-comment -Wimplicit-fallthrough=3 -Wno-strict-overflow -fdiagnostics-show-option -pthread -fomit-frame-pointer -ffunction-sections -fdata-sections    -fvisibility=hidden -fvisibility-inlines-hidden -Wno-deprecated -Wno-missing-declarations -Wno-shadow -Wno-unused-parameter -Wno-unused-local-typedefs -Wno-sign-compare -Wno-sign-promo -Wno-undef  -O3 -DNDEBUG  -DNDEBUG -fPIE    -Wno-tautological-undefined-compare -std=c++11 -o CMakeFiles/cmTC_9857b.dir/src.cxx.o -c /home/r2d2/Desktop/opencvTest/build/CMakeFiles/CMakeTmp/src.cxx
/home/r2d2/Desktop/opencvTest/build/CMakeFiles/CMakeTmp/src.cxx:1: warning: ignoring ‘#pragma  ’ [-Wunknown-pragmas]
    1 | #pragma
      | 
cc1plus: note: unrecognized command-line option ‘-Wno-tautological-undefined-compare’ may have been intended to silence earlier diagnostics
Linking CXX executable cmTC_9857b
/usr/bin/cmake -E cmake_link_script CMakeFiles/cmTC_9857b.dir/link.txt --verbose=1
/usr/bin/c++    -fsigned-char -W -Wall -Wreturn-type -Wnon-virtual-dtor -Waddress -Wsequence-point -Wformat -Wformat-security -Winit-self -Wpointer-arith -Wuninitialized -Wsuggest-override -Wno-delete-non-virtual-dtor -Wno-comment -Wimplicit-fallthrough=3 -Wno-strict-overflow -fdiagnostics-show-option -pthread -fomit-frame-pointer -ffunction-sections -fdata-sections    -fvisibility=hidden -fvisibility-inlines-hidden -Wno-deprecated -Wno-missing-declarations -Wno-shadow -Wno-unused-parameter -Wno-unused-local-typedefs -Wno-sign-compare -Wno-sign-promo -Wno-undef  -O3 -DNDEBUG  -DNDEBUG   -Wl,--gc-sections -Wl,--as-needed -Wl,--no-undefined  CMakeFiles/cmTC_9857b.dir/src.cxx.o -o cmTC_9857b 
gmake[1]: Leaving directory '/home/r2d2/Desktop/opencvTest/build/CMakeFiles/CMakeTmp'


===== END =====

Build output check failed:
    Regex: 'unrecognized .*option'
    Output line: 'cc1plus: note: unrecognized command-line option ‘-Wno-shorten-64-to-32’ may have been intended to silence earlier diagnostics'
Compilation failed:
    source file: '/home/r2d2/Desktop/opencvTest/build/CMakeFiles/CMakeTmp/src.cxx'
    check option: ' -Wno-shorten-64-to-32'
===== BUILD LOG =====
Change Dir: /home/r2d2/Desktop/opencvTest/build/CMakeFiles/CMakeTmp

Run Build Command(s):/usr/bin/gmake cmTC_c8dd7/fast && /usr/bin/gmake  -f CMakeFiles/cmTC_c8dd7.dir/build.make CMakeFiles/cmTC_c8dd7.dir/build
gmake[1]: Entering directory '/home/r2d2/Desktop/opencvTest/build/CMakeFiles/CMakeTmp'
Building CXX object CMakeFiles/cmTC_c8dd7.dir/src.cxx.o
/usr/bin/c++   -fsigned-char -W -Wall -Wreturn-type -Wnon-virtual-dtor -Waddress -Wsequence-point -Wformat -Wformat-security -Winit-self -Wpointer-arith -Wuninitialized -Wsuggest-override -Wno-delete-non-virtual-dtor -Wno-comment -Wimplicit-fallthrough=3 -Wno-strict-overflow -fdiagnostics-show-option -pthread -fomit-frame-pointer -ffunction-sections -fdata-sections    -fvisibility=hidden -fvisibility-inlines-hidden -Wno-deprecated -Wno-missing-declarations -Wno-shadow -Wno-unused-parameter -Wno-unused-local-typedefs -Wno-sign-compare -Wno-sign-promo -Wno-undef -Wno-ignored-qualifiers -Wno-extra -Wno-unused-function -Wno-unused-const-variable  -O3 -DNDEBUG  -DNDEBUG -fPIE    -Wno-shorten-64-to-32 -std=c++11 -o CMakeFiles/cmTC_c8dd7.dir/src.cxx.o -c /home/r2d2/Desktop/opencvTest/build/CMakeFiles/CMakeTmp/src.cxx
/home/r2d2/Desktop/opencvTest/build/CMakeFiles/CMakeTmp/src.cxx:1: warning: ignoring ‘#pragma  ’ [-Wunknown-pragmas]
    1 | #pragma
      | 
cc1plus: note: unrecognized command-line option ‘-Wno-shorten-64-to-32’ may have been intended to silence earlier diagnostics
Linking CXX executable cmTC_c8dd7
/usr/bin/cmake -E cmake_link_script CMakeFiles/cmTC_c8dd7.dir/link.txt --verbose=1
/usr/bin/c++    -fsigned-char -W -Wall -Wreturn-type -Wnon-virtual-dtor -Waddress -Wsequence-point -Wformat -Wformat-security -Winit-self -Wpointer-arith -Wuninitialized -Wsuggest-override -Wno-delete-non-virtual-dtor -Wno-comment -Wimplicit-fallthrough=3 -Wno-strict-overflow -fdiagnostics-show-option -pthread -fomit-frame-pointer -ffunction-sections -fdata-sections    -fvisibility=hidden -fvisibility-inlines-hidden -Wno-deprecated -Wno-missing-declarations -Wno-shadow -Wno-unused-parameter -Wno-unused-local-typedefs -Wno-sign-compare -Wno-sign-promo -Wno-undef -Wno-ignored-qualifiers -Wno-extra -Wno-unused-function -Wno-unused-const-variable  -O3 -DNDEBUG  -DNDEBUG   -Wl,--gc-sections -Wl,--as-needed -Wl,--no-undefined  CMakeFiles/cmTC_c8dd7.dir/src.cxx.o -o cmTC_c8dd7 
gmake[1]: Leaving directory '/home/r2d2/Desktop/opencvTest/build/CMakeFiles/CMakeTmp'


===== END =====

Build output check failed:
    Regex: 'unrecognized .*option'
    Output line: 'cc1plus: note: unrecognized command-line option ‘-Wno-enum-compare-switch’ may have been intended to silence earlier diagnostics'
Compilation failed:
    source file: '/home/r2d2/Desktop/opencvTest/build/CMakeFiles/CMakeTmp/src.cxx'
    check option: ' -Wno-enum-compare-switch'
===== BUILD LOG =====
Change Dir: /home/r2d2/Desktop/opencvTest/build/CMakeFiles/CMakeTmp

Run Build Command(s):/usr/bin/gmake cmTC_e0cbd/fast && /usr/bin/gmake  -f CMakeFiles/cmTC_e0cbd.dir/build.make CMakeFiles/cmTC_e0cbd.dir/build
gmake[1]: Entering directory '/home/r2d2/Desktop/opencvTest/build/CMakeFiles/CMakeTmp'
Building CXX object CMakeFiles/cmTC_e0cbd.dir/src.cxx.o
/usr/bin/c++   -fsigned-char -W -Wall -Wreturn-type -Wnon-virtual-dtor -Waddress -Wsequence-point -Wformat -Wformat-security -Winit-self -Wpointer-arith -Wuninitialized -Wsuggest-override -Wno-delete-non-virtual-dtor -Wno-comment -Wimplicit-fallthrough=3 -Wno-strict-overflow -fdiagnostics-show-option -pthread -fomit-frame-pointer -ffunction-sections -fdata-sections    -fvisibility=hidden -fvisibility-inlines-hidden -Wno-deprecated -Wno-missing-declarations -Wno-shadow -Wno-unused-parameter -Wno-unused-local-typedefs -Wno-sign-compare -Wno-sign-promo -Wno-undef -Wno-ignored-qualifiers -Wno-extra -Wno-unused-function -Wno-unused-const-variable -Wno-invalid-offsetof  -O3 -DNDEBUG  -DNDEBUG -fPIE    -Wno-enum-compare-switch -std=c++11 -o CMakeFiles/cmTC_e0cbd.dir/src.cxx.o -c /home/r2d2/Desktop/opencvTest/build/CMakeFiles/CMakeTmp/src.cxx
/home/r2d2/Desktop/opencvTest/build/CMakeFiles/CMakeTmp/src.cxx:1: warning: ignoring ‘#pragma  ’ [-Wunknown-pragmas]
    1 | #pragma
      | 
cc1plus: note: unrecognized command-line option ‘-Wno-enum-compare-switch’ may have been intended to silence earlier diagnostics
Linking CXX executable cmTC_e0cbd
/usr/bin/cmake -E cmake_link_script CMakeFiles/cmTC_e0cbd.dir/link.txt --verbose=1
/usr/bin/c++    -fsigned-char -W -Wall -Wreturn-type -Wnon-virtual-dtor -Waddress -Wsequence-point -Wformat -Wformat-security -Winit-self -Wpointer-arith -Wuninitialized -Wsuggest-override -Wno-delete-non-virtual-dtor -Wno-comment -Wimplicit-fallthrough=3 -Wno-strict-overflow -fdiagnostics-show-option -pthread -fomit-frame-pointer -ffunction-sections -fdata-sections    -fvisibility=hidden -fvisibility-inlines-hidden -Wno-deprecated -Wno-missing-declarations -Wno-shadow -Wno-unused-parameter -Wno-unused-local-typedefs -Wno-sign-compare -Wno-sign-promo -Wno-undef -Wno-ignored-qualifiers -Wno-extra -Wno-unused-function -Wno-unused-const-variable -Wno-invalid-offsetof  -O3 -DNDEBUG  -DNDEBUG   -Wl,--gc-sections -Wl,--as-needed -Wl,--no-undefined  CMakeFiles/cmTC_e0cbd.dir/src.cxx.o -o cmTC_e0cbd 
gmake[1]: Leaving directory '/home/r2d2/Desktop/opencvTest/build/CMakeFiles/CMakeTmp'


===== END =====

Determining if the include file sys/videoio.h exists failed with the following output:
Change Dir: /home/r2d2/Desktop/opencvTest/build/CMakeFiles/CMakeTmp

Run Build Command(s):/usr/bin/gmake cmTC_966b2/fast && /usr/bin/gmake  -f CMakeFiles/cmTC_966b2.dir/build.make CMakeFiles/cmTC_966b2.dir/build
gmake[1]: Entering directory '/home/r2d2/Desktop/opencvTest/build/CMakeFiles/CMakeTmp'
Building C object CMakeFiles/cmTC_966b2.dir/CheckIncludeFile.c.o
/usr/bin/cc   -fsigned-char -W -Wall -Wreturn-type -Waddress -Wsequence-point -Wformat -Wformat-security -Wmissing-declarations -Wmissing-prototypes -Wstrict-prototypes -Wundef -Winit-self -Wpointer-arith -Wshadow -Wuninitialized -Wno-comment -Wimplicit-fallthrough=3 -Wno-strict-overflow -fdiagnostics-show-option -pthread -fomit-frame-pointer -ffunction-sections -fdata-sections    -fvisibility=hidden  -O3 -DNDEBUG  -DNDEBUG -fPIE -o CMakeFiles/cmTC_966b2.dir/CheckIncludeFile.c.o -c /home/r2d2/Desktop/opencvTest/build/CMakeFiles/CMakeTmp/CheckIncludeFile.c
/home/r2d2/Desktop/opencvTest/build/CMakeFiles/CMakeTmp/CheckIncludeFile.c:1:10: fatal error: sys/videoio.h: No such file or directory
    1 | #include <sys/videoio.h>
      |          ^~~~~~~~~~~~~~~
compilation terminated.
gmake[1]: *** [CMakeFiles/cmTC_966b2.dir/build.make:85: CMakeFiles/cmTC_966b2.dir/CheckIncludeFile.c.o] Error 1
gmake[1]: Leaving directory '/home/r2d2/Desktop/opencvTest/build/CMakeFiles/CMakeTmp'
gmake: *** [Makefile:140: cmTC_966b2/fast] Error 2



Build output check failed:
    Regex: 'unrecognized .*option'
    Output line: 'cc1plus: note: unrecognized command-line option ‘-Wno-unused-private-field’ may have been intended to silence earlier diagnostics'
Compilation failed:
    source file: '/home/r2d2/Desktop/opencvTest/build/CMakeFiles/CMakeTmp/src.cxx'
    check option: ' -Wno-unused-private-field'
===== BUILD LOG =====
Change Dir: /home/r2d2/Desktop/opencvTest/build/CMakeFiles/CMakeTmp

Run Build Command(s):/usr/bin/gmake cmTC_d0c38/fast && /usr/bin/gmake  -f CMakeFiles/cmTC_d0c38.dir/build.make CMakeFiles/cmTC_d0c38.dir/build
gmake[1]: Entering directory '/home/r2d2/Desktop/opencvTest/build/CMakeFiles/CMakeTmp'
Building CXX object CMakeFiles/cmTC_d0c38.dir/src.cxx.o
/usr/bin/c++   -fsigned-char -W -Wall -Wreturn-type -Wnon-virtual-dtor -Waddress -Wsequence-point -Wformat -Wformat-security -Wmissing-declarations -Wundef -Winit-self -Wpointer-arith -Wshadow -Wsign-promo -Wuninitialized -Wsuggest-override -Wno-delete-non-virtual-dtor -Wno-comment -Wimplicit-fallthrough=3 -Wno-strict-overflow -fdiagnostics-show-option -pthread -fomit-frame-pointer -ffunction-sections -fdata-sections    -fvisibility=hidden -fvisibility-inlines-hidden -Wno-unused-function -Wno-deprecated-declarations -Wno-overloaded-virtual  -O3 -DNDEBUG  -DNDEBUG -fPIE    -Wno-unused-private-field -std=c++11 -o CMakeFiles/cmTC_d0c38.dir/src.cxx.o -c /home/r2d2/Desktop/opencvTest/build/CMakeFiles/CMakeTmp/src.cxx
/home/r2d2/Desktop/opencvTest/build/CMakeFiles/CMakeTmp/src.cxx:1: warning: ignoring ‘#pragma  ’ [-Wunknown-pragmas]
    1 | #pragma
      | 
cc1plus: note: unrecognized command-line option ‘-Wno-unused-private-field’ may have been intended to silence earlier diagnostics
Linking CXX executable cmTC_d0c38
/usr/bin/cmake -E cmake_link_script CMakeFiles/cmTC_d0c38.dir/link.txt --verbose=1
/usr/bin/c++    -fsigned-char -W -Wall -Wreturn-type -Wnon-virtual-dtor -Waddress -Wsequence-point -Wformat -Wformat-security -Wmissing-declarations -Wundef -Winit-self -Wpointer-arith -Wshadow -Wsign-promo -Wuninitialized -Wsuggest-override -Wno-delete-non-virtual-dtor -Wno-comment -Wimplicit-fallthrough=3 -Wno-strict-overflow -fdiagnostics-show-option -pthread -fomit-frame-pointer -ffunction-sections -fdata-sections    -fvisibility=hidden -fvisibility-inlines-hidden -Wno-unused-function -Wno-deprecated-declarations -Wno-overloaded-virtual  -O3 -DNDEBUG  -DNDEBUG   -Wl,--gc-sections -Wl,--as-needed -Wl,--no-undefined  CMakeFiles/cmTC_d0c38.dir/src.cxx.o -o cmTC_d0c38 
gmake[1]: Leaving directory '/home/r2d2/Desktop/opencvTest/build/CMakeFiles/CMakeTmp'


===== END =====

